2026-03-14 13:33:32 INFO  AutomationLog - ===== Test Suite Started =====
2026-03-14 13:33:40 INFO  AutomationLog - Navigated to URL: https://www.saucedemo.com
2026-03-14 13:33:40 INFO  AutomationLog - ===== Starting Test: loginTest =====
2026-03-14 13:33:40 INFO  AutomationLog - Starting Sauce Labs Login Test
2026-03-14 13:33:42 INFO  AutomationLog - Entering username
2026-03-14 13:33:42 INFO  AutomationLog - Entering password
2026-03-14 13:33:42 INFO  AutomationLog - Clicking login button
2026-03-14 13:33:43 INFO  AutomationLog - Login successful
2026-03-14 13:33:43 INFO  AutomationLog - ===== Starting Test: sampletest1 =====
2026-03-14 13:33:43 INFO  AutomationLog - Starting Sauce Labs Login Test
2026-03-14 13:33:43 INFO  AutomationLog - Browser closed
2026-03-14 13:33:44 INFO  AutomationLog - ===== Test Suite Finished =====
2026-04-29 12:14:56 INFO  AutomationLog - ===== Test Suite Started =====
2026-04-29 12:15:31 INFO  AutomationLog - Navigated to URL: https://www.crossword.in/
2026-04-29 12:15:31 INFO  AutomationLog - ===== Starting Test: Loginandverifydashboard =====
2026-04-29 12:15:32 INFO  AutomationLog - Test Started: Loginandverifydashboard
2026-04-29 12:15:38 ERROR AutomationLog - Test Failed: Loginandverifydashboard
2026-04-29 12:15:38 INFO  AutomationLog - ===== Starting Test: navigateToAdminModule =====
2026-04-29 12:15:38 INFO  AutomationLog - Test Started: navigateToAdminModule
2026-04-29 12:15:45 ERROR AutomationLog - Test Failed: navigateToAdminModule
2026-04-29 12:15:45 INFO  AutomationLog - ===== Starting Test: addNewAdminUser =====
2026-04-29 12:15:45 INFO  AutomationLog - Test Started: addNewAdminUser
2026-04-29 12:15:53 ERROR AutomationLog - Test Failed: addNewAdminUser
2026-04-29 12:15:53 INFO  AutomationLog - ===== Starting Test: verifyCreatedUser =====
2026-04-29 12:15:53 INFO  AutomationLog - Test Started: verifyCreatedUser
2026-04-29 12:15:54 ERROR AutomationLog - Test Failed: verifyCreatedUser
2026-04-29 12:15:54 INFO  AutomationLog - ===== Starting Test: logoutApplication =====
2026-04-29 12:15:54 INFO  AutomationLog - Test Started: logoutApplication
2026-04-29 12:15:54 INFO  AutomationLog - Test Passed: logoutApplication
2026-04-29 12:15:55 INFO  AutomationLog - Browser closed
2026-04-29 12:15:55 INFO  AutomationLog - ===== Test Suite Finished =====
2026-05-02 10:56:08 INFO  AutomationLog - ===== Test Suite Started =====
2026-05-02 10:56:22 INFO  AutomationLog - Navigated to URL: https://opensource-demo.orangehrmlive.com/web/index.php/auth/login
2026-05-02 10:56:22 INFO  AutomationLog - ===== Starting Test: Loginandverifydashboard =====
2026-05-02 10:56:22 INFO  AutomationLog - Test Started: Loginandverifydashboard
2026-05-02 10:56:27 ERROR AutomationLog - Test Failed: Loginandverifydashboard
2026-05-02 10:56:27 INFO  AutomationLog - ===== Starting Test: navigateToAdminModule =====
2026-05-02 10:56:27 INFO  AutomationLog - Test Started: navigateToAdminModule
2026-05-02 10:56:34 ERROR AutomationLog - Test Failed: navigateToAdminModule
2026-05-02 10:56:34 INFO  AutomationLog - ===== Starting Test: addNewAdminUser =====
2026-05-02 10:56:34 INFO  AutomationLog - Test Started: addNewAdminUser
2026-05-02 10:56:40 ERROR AutomationLog - Test Failed: addNewAdminUser
2026-05-02 10:56:40 INFO  AutomationLog - ===== Starting Test: verifyCreatedUser =====
2026-05-02 10:56:40 INFO  AutomationLog - Test Started: verifyCreatedUser
2026-05-02 10:56:41 ERROR AutomationLog - Test Failed: verifyCreatedUser
2026-05-02 10:56:41 INFO  AutomationLog - ===== Starting Test: logoutApplication =====
2026-05-02 10:56:41 INFO  AutomationLog - Test Started: logoutApplication
2026-05-02 10:56:41 INFO  AutomationLog - Test Passed: logoutApplication
2026-05-02 10:56:41 INFO  AutomationLog - Browser closed
2026-05-02 10:56:41 INFO  AutomationLog - ===== Test Suite Finished =====
2026-05-02 10:59:48 INFO  AutomationLog - ===== Test Suite Started =====
2026-05-02 11:00:00 INFO  AutomationLog - Navigated to URL: https://opensource-demo.orangehrmlive.com/web/index.php/auth/login
2026-05-02 11:00:00 INFO  AutomationLog - ===== Starting Test: Loginandverifydashboard =====
2026-05-02 11:00:05 INFO  AutomationLog - ===== Starting Test: navigateToAdminModule =====
2026-05-02 11:00:11 INFO  AutomationLog - ===== Starting Test: addNewAdminUser =====
2026-05-02 11:00:18 INFO  AutomationLog - ===== Starting Test: verifyCreatedUser =====
2026-05-02 11:00:18 INFO  AutomationLog - ===== Starting Test: logoutApplication =====
2026-05-02 11:00:18 INFO  AutomationLog - Browser closed
2026-05-02 11:00:18 INFO  AutomationLog - ===== Test Suite Finished =====
2026-05-02 11:05:19 INFO  AutomationLog - ===== Test Suite Started =====
2026-05-02 11:05:33 INFO  AutomationLog - Navigated to URL: https://opensource-demo.orangehrmlive.com/web/index.php/auth/login
2026-05-02 11:05:33 INFO  AutomationLog - ===== Starting Test: Loginandverifydashboard =====
2026-05-02 11:05:38 INFO  AutomationLog - ===== Starting Test: navigateToAdminModule =====
2026-05-02 11:05:44 INFO  AutomationLog - ===== Starting Test: addNewAdminUser =====
2026-05-02 11:05:50 INFO  AutomationLog - ===== Starting Test: verifyCreatedUser =====
2026-05-02 11:05:50 INFO  AutomationLog - ===== Starting Test: logoutApplication =====
2026-05-02 11:05:50 INFO  AutomationLog - Browser closed
2026-05-02 11:05:51 INFO  AutomationLog - ===== Test Suite Finished =====
2026-05-02 11:18:27 INFO  AutomationLog - ===== Test Suite Started =====
2026-05-02 11:18:39 INFO  AutomationLog - Navigated to URL: https://opensource-demo.orangehrmlive.com/web/index.php/auth/login
2026-05-02 11:18:39 INFO  AutomationLog - ===== Starting Test: Loginandverifydashboard =====
2026-05-02 11:18:44 INFO  AutomationLog - ===== Starting Test: navigateToAdminModule =====
2026-05-02 11:18:56 INFO  AutomationLog - ===== Starting Test: addNewAdminUser =====
2026-05-02 11:19:22 INFO  AutomationLog - ===== Starting Test: verifyCreatedUser =====
2026-05-02 11:19:22 INFO  AutomationLog - ===== Starting Test: logoutApplication =====
2026-05-02 11:19:22 INFO  AutomationLog - Browser closed
2026-05-02 11:19:22 INFO  AutomationLog - ===== Test Suite Finished =====
2026-05-02 11:20:03 INFO  AutomationLog - ===== Test Suite Started =====
2026-05-02 11:20:10 INFO  AutomationLog - Navigated to URL: https://opensource-demo.orangehrmlive.com/web/index.php/auth/login
2026-05-02 11:20:10 INFO  AutomationLog - ===== Starting Test: Loginandverifydashboard =====
2026-05-02 11:20:10 INFO  AutomationLog - Test Started: Loginandverifydashboard
2026-05-02 11:20:15 INFO  AutomationLog - Test Passed: Loginandverifydashboard
2026-05-02 11:20:15 INFO  AutomationLog - ===== Starting Test: navigateToAdminModule =====
2026-05-02 11:20:15 INFO  AutomationLog - Test Started: navigateToAdminModule
2026-05-02 11:20:25 INFO  AutomationLog - Test Passed: navigateToAdminModule
2026-05-02 11:20:25 INFO  AutomationLog - ===== Starting Test: addNewAdminUser =====
2026-05-02 11:20:25 INFO  AutomationLog - Test Started: addNewAdminUser
2026-05-02 11:20:50 ERROR AutomationLog - Test Failed: addNewAdminUser
2026-05-02 11:20:50 INFO  AutomationLog - ===== Starting Test: verifyCreatedUser =====
2026-05-02 11:20:50 INFO  AutomationLog - Test Started: verifyCreatedUser
2026-05-02 11:20:50 INFO  AutomationLog - Test Passed: verifyCreatedUser
2026-05-02 11:20:50 INFO  AutomationLog - ===== Starting Test: logoutApplication =====
2026-05-02 11:20:50 INFO  AutomationLog - Test Started: logoutApplication
2026-05-02 11:20:50 INFO  AutomationLog - Test Passed: logoutApplication
2026-05-02 11:20:50 INFO  AutomationLog - Browser closed
2026-05-02 11:20:51 INFO  AutomationLog - ===== Test Suite Finished =====
2026-05-02 12:02:49 INFO  AutomationLog - ===== Test Suite Started =====
2026-05-02 12:02:59 INFO  AutomationLog - Navigated to URL: https://opensource-demo.orangehrmlive.com/web/index.php/auth/login
2026-05-02 12:02:59 INFO  AutomationLog - ===== Starting Test: Loginandverifydashboard =====
2026-05-02 12:02:59 INFO  AutomationLog - Test Started: Loginandverifydashboard
2026-05-02 12:03:06 INFO  AutomationLog - Test Passed: Loginandverifydashboard
2026-05-02 12:03:06 INFO  AutomationLog - ===== Starting Test: navigateToAdminModule =====
2026-05-02 12:03:06 INFO  AutomationLog - Test Started: navigateToAdminModule
2026-05-02 12:03:16 INFO  AutomationLog - Test Passed: navigateToAdminModule
2026-05-02 12:03:16 INFO  AutomationLog - ===== Starting Test: addNewAdminUser =====
2026-05-02 12:03:16 INFO  AutomationLog - Test Started: addNewAdminUser
2026-05-02 12:03:40 ERROR AutomationLog - Test Failed: addNewAdminUser
2026-05-02 12:03:40 INFO  AutomationLog - ===== Starting Test: verifyCreatedUser =====
2026-05-02 12:03:40 INFO  AutomationLog - Test Started: verifyCreatedUser
2026-05-02 12:03:40 INFO  AutomationLog - Test Passed: verifyCreatedUser
2026-05-02 12:03:40 INFO  AutomationLog - ===== Starting Test: logoutApplication =====
2026-05-02 12:03:40 INFO  AutomationLog - Test Started: logoutApplication
2026-05-02 12:03:40 INFO  AutomationLog - Test Passed: logoutApplication
2026-05-02 12:03:41 INFO  AutomationLog - Browser closed
2026-05-02 12:03:41 INFO  AutomationLog - ===== Test Suite Finished =====
